<?xml version="1.0" encoding="UTF-8"?>
<testsuite xmlns:xsi="http://www.w3.org/2001/XMLSchema-instance" xsi:noNamespaceSchemaLocation="https://maven.apache.org/surefire/maven-surefire-plugin/xsd/surefire-test-report-3.0.xsd" version="3.0" name="com.riyada.userservice.integration.UserRegistrationIntegrationTest" time="8.67" tests="2" errors="0" skipped="0" failures="0">
  <properties>
[...]
</properties>
  <testcase name="testUserRegistration_CompleteFlow" classname="com.riyada.userservice.integration.UserRegistrationIntegrationTest" time="0.883">
    <system-out><![CDATA[2025-09-23T13:42:48.710+05:30  INFO 14880 --- [user-service] [           main] t.c.s.AnnotationConfigContextLoaderUtils : Could not detect default configuration classes for test class [com.riyada.userservice.integration.UserRegistrationIntegrationTest]: UserRegistrationIntegrationTest does not declare any static, non-private, non-final, nested classes annotated with @Configuration.
2025-09-23T13:42:48.788+05:30  INFO 14880 --- [user-service] [           main] .b.t.c.SpringBootTestContextBootstrapper : Found @SpringBootConfiguration com.riyada.userservice.UserServiceApplication for test class com.riyada.userservice.integration.UserRegistrationIntegrationTest
2025-09-23T13:42:48.811+05:30  INFO 14880 --- [user-service] [           main] o.s.b.d.r.RestartApplicationListener     : Restart disabled due to context in which it is running

  .   ____          _            __ _ _
 /\\ / ___'_ __ _ _(_)_ __  __ _ \ \ \ \
( ( )\___ | '_ | '_| | '_ \/ _` | \ \ \ \
 \\/  ___)| |_)| | | | | || (_| |  ) ) ) )
  '  |____| .__|_| |_|_| |_\__, | / / / /
 =========|_|==============|___/=/_/_/_/
 :: Spring Boot ::                (v3.2.0)

2025-09-23T13:42:50.109+05:30  INFO 14880 --- [user-service] [           main] c.r.u.i.UserRegistrationIntegrationTest  : Starting UserRegistrationIntegrationTest using Java 21.0.2 with PID 14880 (started by USER in C:\Users\USER\Desktop\trioes\Riyada\riyada-wallet-system\user-service)
2025-09-23T13:42:50.109+05:30 DEBUG 14880 --- [user-service] [           main] c.r.u.i.UserRegistrationIntegrationTest  : Running with Spring Boot v3.2.0, Spring v6.1.1
2025-09-23T13:42:50.109+05:30  INFO 14880 --- [user-service] [           main] c.r.u.i.UserRegistrationIntegrationTest  : The following 1 profile is active: "test"
2025-09-23T13:42:52.232+05:30  INFO 14880 --- [user-service] [           main] .s.d.r.c.RepositoryConfigurationDelegate : Bootstrapping Spring Data JPA repositories in DEFAULT mode.
2025-09-23T13:42:52.292+05:30  INFO 14880 --- [user-service] [           main] .s.d.r.c.RepositoryConfigurationDelegate : Finished Spring Data repository scanning in 56 ms. Found 1 JPA repository interface.
2025-09-23T13:42:52.652+05:30  INFO 14880 --- [user-service] [           main] o.s.cloud.context.scope.GenericScope     : BeanFactory id=409c45f8-7259-37d8-ba98-8dda54203e31
2025-09-23T13:42:53.175+05:30  INFO 14880 --- [user-service] [           main] o.hibernate.jpa.internal.util.LogHelper  : HHH000204: Processing PersistenceUnitInfo [name: default]
2025-09-23T13:42:53.187+05:30  INFO 14880 --- [user-service] [           main] o.h.c.internal.RegionFactoryInitiator    : HHH000026: Second-level cache disabled
2025-09-23T13:42:53.201+05:30  INFO 14880 --- [user-service] [           main] o.s.o.j.p.SpringPersistenceUnitInfo      : No LoadTimeWeaver setup: ignoring JPA class transformer
2025-09-23T13:42:53.226+05:30  INFO 14880 --- [user-service] [           main] com.zaxxer.hikari.HikariDataSource       : HikariPool-1 - Starting...
2025-09-23T13:42:53.312+05:30  INFO 14880 --- [user-service] [           main] com.zaxxer.hikari.pool.HikariPool        : HikariPool-1 - Added connection conn4: url=jdbc:h2:mem:testdb user=SA
2025-09-23T13:42:53.318+05:30  INFO 14880 --- [user-service] [           main] com.zaxxer.hikari.HikariDataSource       : HikariPool-1 - Start completed.
2025-09-23T13:42:53.331+05:30  WARN 14880 --- [user-service] [           main] org.hibernate.orm.deprecation            : HHH90000025: H2Dialect does not need to be specified explicitly using 'hibernate.dialect' (remove the property setting and it will be selected by default)
2025-09-23T13:42:53.626+05:30  INFO 14880 --- [user-service] [           main] o.h.e.t.j.p.i.JtaPlatformInitiator       : HHH000489: No JTA platform available (set 'hibernate.transaction.jta.platform' to enable JTA platform integration)
2025-09-23T13:42:53.627+05:30 DEBUG 14880 --- [user-service] [           main] org.hibernate.SQL                        : 
    drop table if exists users cascade 
Hibernate: 
    drop table if exists users cascade 
2025-09-23T13:42:53.631+05:30 DEBUG 14880 --- [user-service] [           main] org.hibernate.SQL                        : 
    create table users (
        is_active boolean,
        created_at timestamp(6),
        updated_at timestamp(6),
        id uuid not null,
        phone varchar(20),
        email varchar(255) not null unique,
        first_name varchar(255) not null,
        last_name varchar(255) not null,
        password_hash varchar(255) not null,
        primary key (id)
    )
Hibernate: 
    create table users (
        is_active boolean,
        created_at timestamp(6),
        updated_at timestamp(6),
        id uuid not null,
        phone varchar(20),
        email varchar(255) not null unique,
        first_name varchar(255) not null,
        last_name varchar(255) not null,
        password_hash varchar(255) not null,
        primary key (id)
    )
2025-09-23T13:42:53.641+05:30  INFO 14880 --- [user-service] [           main] j.LocalContainerEntityManagerFactoryBean : Initialized JPA EntityManagerFactory for persistence unit 'default'
2025-09-23T13:42:54.045+05:30  WARN 14880 --- [user-service] [           main] JpaBaseConfiguration$JpaWebConfiguration : spring.jpa.open-in-view is enabled by default. Therefore, database queries may be performed during view rendering. Explicitly configure spring.jpa.open-in-view to disable this warning
2025-09-23T13:42:54.072+05:30  WARN 14880 --- [user-service] [           main] .s.s.UserDetailsServiceAutoConfiguration : 

Using generated security password: 9b41a321-5bce-421c-a238-efebec4b8b4a

This generated password is for development use only. Your security configuration must be updated before running your application in production.

2025-09-23T13:42:54.179+05:30  INFO 14880 --- [user-service] [           main] o.s.s.web.DefaultSecurityFilterChain     : Will secure any request with [org.springframework.security.web.session.DisableEncodeUrlFilter@36d56d5d, org.springframework.security.web.context.request.async.WebAsyncManagerIntegrationFilter@3e549525, org.springframework.security.web.context.SecurityContextHolderFilter@6764a6d4, org.springframework.security.web.header.HeaderWriterFilter@7e9589b2, org.springframework.security.web.authentication.logout.LogoutFilter@12f35f55, org.springframework.security.web.savedrequest.RequestCacheAwareFilter@1d17b20f, org.springframework.security.web.servletapi.SecurityContextHolderAwareRequestFilter@269c07d, org.springframework.security.web.authentication.AnonymousAuthenticationFilter@2c143041, org.springframework.security.web.access.ExceptionTranslationFilter@7e30050, org.springframework.security.web.access.intercept.AuthorizationFilter@7e7254d1]
2025-09-23T13:42:54.493+05:30  INFO 14880 --- [user-service] [           main] o.s.s.web.DefaultSecurityFilterChain     : Will secure any request with [org.springframework.security.web.session.DisableEncodeUrlFilter@18be5bce, org.springframework.security.web.context.request.async.WebAsyncManagerIntegrationFilter@5b3915b, org.springframework.security.web.context.SecurityContextHolderFilter@54f5457e, org.springframework.security.web.header.HeaderWriterFilter@38ffba03, org.springframework.web.filter.CorsFilter@6ad019e7, org.springframework.security.web.authentication.logout.LogoutFilter@699e81db, org.springframework.security.web.savedrequest.RequestCacheAwareFilter@2f49d34d, org.springframework.security.web.servletapi.SecurityContextHolderAwareRequestFilter@6aa34b05, org.springframework.security.web.authentication.AnonymousAuthenticationFilter@295f5dd5, org.springframework.security.web.session.SessionManagementFilter@45970ee8, org.springframework.security.web.access.ExceptionTranslationFilter@38187be6, org.springframework.security.web.access.intercept.AuthorizationFilter@78276d6d]
2025-09-23T13:42:56.362+05:30  INFO 14880 --- [user-service] [           main] o.s.cloud.commons.util.InetUtils         : Cannot determine local hostname
2025-09-23T13:42:56.412+05:30  INFO 14880 --- [user-service] [           main] c.r.u.i.UserRegistrationIntegrationTest  : Started UserRegistrationIntegrationTest in 7.601 seconds (process running for 37.278)
2025-09-23T13:42:56.464+05:30  INFO 14880 --- [user-service] [           main] o.s.b.t.m.w.SpringBootMockServletContext : Initializing Spring TestDispatcherServlet ''
2025-09-23T13:42:56.464+05:30  INFO 14880 --- [user-service] [           main] o.s.t.web.servlet.TestDispatcherServlet  : Initializing Servlet ''
2025-09-23T13:42:56.468+05:30  INFO 14880 --- [user-service] [           main] o.s.t.web.servlet.TestDispatcherServlet  : Completed initialization in 4 ms
2025-09-23T13:42:56.785+05:30 DEBUG 14880 --- [user-service] [           main] org.hibernate.SQL                        : 
    select
        u1_0.id,
        u1_0.created_at,
        u1_0.email,
        u1_0.first_name,
        u1_0.is_active,
        u1_0.last_name,
        u1_0.password_hash,
        u1_0.phone,
        u1_0.updated_at 
    from
        users u1_0
Hibernate: 
    select
        u1_0.id,
        u1_0.created_at,
        u1_0.email,
        u1_0.first_name,
        u1_0.is_active,
        u1_0.last_name,
        u1_0.password_hash,
        u1_0.phone,
        u1_0.updated_at 
    from
        users u1_0
2025-09-23T13:42:56.957+05:30 DEBUG 14880 --- [user-service] [           main] org.hibernate.SQL                        : 
    select
        u1_0.id 
    from
        users u1_0 
    where
        u1_0.email=? 
    fetch
        first ? rows only
Hibernate: 
    select
        u1_0.id 
    from
        users u1_0 
    where
        u1_0.email=? 
    fetch
        first ? rows only
2025-09-23T13:42:57.250+05:30 DEBUG 14880 --- [user-service] [           main] org.hibernate.SQL                        : 
    insert 
    into
        users
        (created_at, email, first_name, is_active, last_name, password_hash, phone, updated_at, id) 
    values
        (?, ?, ?, ?, ?, ?, ?, ?, ?)
Hibernate: 
    insert 
    into
        users
        (created_at, email, first_name, is_active, last_name, password_hash, phone, updated_at, id) 
    values
        (?, ?, ?, ?, ?, ?, ?, ?, ?)
2025-09-23T13:42:57.278+05:30 DEBUG 14880 --- [user-service] [           main] org.hibernate.SQL                        : 
    select
        u1_0.id,
        u1_0.created_at,
        u1_0.email,
        u1_0.first_name,
        u1_0.is_active,
        u1_0.last_name,
        u1_0.password_hash,
        u1_0.phone,
        u1_0.updated_at 
    from
        users u1_0 
    where
        u1_0.email=?
Hibernate: 
    select
        u1_0.id,
        u1_0.created_at,
        u1_0.email,
        u1_0.first_name,
        u1_0.is_active,
        u1_0.last_name,
        u1_0.password_hash,
        u1_0.phone,
        u1_0.updated_at 
    from
        users u1_0 
    where
        u1_0.email=?
]]></system-out>
  </testcase>
  <testcase name="testUserRegistration_DuplicateEmail" classname="com.riyada.userservice.integration.UserRegistrationIntegrationTest" time="0.052">
    <system-out><![CDATA[2025-09-23T13:42:57.325+05:30  INFO 14880 --- [user-service] [           main] o.s.b.t.m.w.SpringBootMockServletContext : Initializing Spring TestDispatcherServlet ''
2025-09-23T13:42:57.325+05:30  INFO 14880 --- [user-service] [           main] o.s.t.web.servlet.TestDispatcherServlet  : Initializing Servlet ''
2025-09-23T13:42:57.326+05:30  INFO 14880 --- [user-service] [           main] o.s.t.web.servlet.TestDispatcherServlet  : Completed initialization in 1 ms
2025-09-23T13:42:57.329+05:30 DEBUG 14880 --- [user-service] [           main] org.hibernate.SQL                        : 
    select
        u1_0.id,
        u1_0.created_at,
        u1_0.email,
        u1_0.first_name,
        u1_0.is_active,
        u1_0.last_name,
        u1_0.password_hash,
        u1_0.phone,
        u1_0.updated_at 
    from
        users u1_0
Hibernate: 
    select
        u1_0.id,
        u1_0.created_at,
        u1_0.email,
        u1_0.first_name,
        u1_0.is_active,
        u1_0.last_name,
        u1_0.password_hash,
        u1_0.phone,
        u1_0.updated_at 
    from
        users u1_0
2025-09-23T13:42:57.351+05:30 DEBUG 14880 --- [user-service] [           main] org.hibernate.SQL                        : 
    insert 
    into
        users
        (created_at, email, first_name, is_active, last_name, password_hash, phone, updated_at, id) 
    values
        (?, ?, ?, ?, ?, ?, ?, ?, ?)
Hibernate: 
    insert 
    into
        users
        (created_at, email, first_name, is_active, last_name, password_hash, phone, updated_at, id) 
    values
        (?, ?, ?, ?, ?, ?, ?, ?, ?)
2025-09-23T13:42:57.358+05:30 DEBUG 14880 --- [user-service] [           main] org.hibernate.SQL                        : 
    select
        u1_0.id 
    from
        users u1_0 
    where
        u1_0.email=? 
    fetch
        first ? rows only
Hibernate: 
    select
        u1_0.id 
    from
        users u1_0 
    where
        u1_0.email=? 
    fetch
        first ? rows only
]]></system-out>
  </testcase>
</testsuite>